<?xml version="1.0" encoding="UTF-8"?>
<testsuite xmlns:xsi="http://www.w3.org/2001/XMLSchema-instance" xsi:noNamespaceSchemaLocation="https://maven.apache.org/surefire/maven-surefire-plugin/xsd/surefire-test-report.xsd" name="com.example.dingo.DingoApplicationTests" time="1.932" tests="1" errors="0" skipped="0" failures="0">
  <properties>
    <property name="gopherProxySet" value="false"/>
    <property name="awt.toolkit" value="sun.lwawt.macosx.LWCToolkit"/>
    <property name="java.specification.version" value="11"/>
    <property name="sun.cpu.isalist" value=""/>
    <property name="sun.jnu.encoding" value="UTF-8"/>
    <property name="java.class.path" value="/Users/PrivateProjects/repositories/dingo/target/test-classes:/Users/PrivateProjects/repositories/dingo/target/classes:/Users/PrivateProjects/.m2/repository/org/axonframework/axon-spring-boot-starter/4.5.5/axon-spring-boot-starter-4.5.5.jar:/Users/PrivateProjects/.m2/repository/org/axonframework/axon-spring-boot-autoconfigure/4.5.5/axon-spring-boot-autoconfigure-4.5.5.jar:/Users/PrivateProjects/.m2/repository/org/axonframework/axon-server-connector/4.5.5/axon-server-connector-4.5.5.jar:/Users/PrivateProjects/.m2/repository/io/axoniq/axonserver-connector-java/4.5.3/axonserver-connector-java-4.5.3.jar:/Users/PrivateProjects/.m2/repository/io/grpc/grpc-protobuf/1.36.1/grpc-protobuf-1.36.1.jar:/Users/PrivateProjects/.m2/repository/io/grpc/grpc-api/1.36.1/grpc-api-1.36.1.jar:/Users/PrivateProjects/.m2/repository/io/grpc/grpc-context/1.36.1/grpc-context-1.36.1.jar:/Users/PrivateProjects/.m2/repository/com/google/code/findbugs/jsr305/3.0.2/jsr305-3.0.2.jar:/Users/PrivateProjects/.m2/repository/com/google/protobuf/protobuf-java/3.12.0/protobuf-java-3.12.0.jar:/Users/PrivateProjects/.m2/repository/com/google/api/grpc/proto-google-common-protos/2.0.1/proto-google-common-protos-2.0.1.jar:/Users/PrivateProjects/.m2/repository/io/grpc/grpc-protobuf-lite/1.36.1/grpc-protobuf-lite-1.36.1.jar:/Users/PrivateProjects/.m2/repository/com/google/guava/guava/30.0-android/guava-30.0-android.jar:/Users/PrivateProjects/.m2/repository/com/google/guava/failureaccess/1.0.1/failureaccess-1.0.1.jar:/Users/PrivateProjects/.m2/repository/com/google/guava/listenablefuture/9999.0-empty-to-avoid-conflict-with-guava/listenablefuture-9999.0-empty-to-avoid-conflict-with-guava.jar:/Users/PrivateProjects/.m2/repository/org/checkerframework/checker-compat-qual/2.5.5/checker-compat-qual-2.5.5.jar:/Users/PrivateProjects/.m2/repository/com/google/j2objc/j2objc-annotations/1.3/j2objc-annotations-1.3.jar:/Users/PrivateProjects/.m2/repository/com/google/errorprone/error_prone_annotations/2.4.0/error_prone_annotations-2.4.0.jar:/Users/PrivateProjects/.m2/repository/org/codehaus/mojo/animal-sniffer-annotations/1.19/animal-sniffer-annotations-1.19.jar:/Users/PrivateProjects/.m2/repository/io/grpc/grpc-stub/1.36.1/grpc-stub-1.36.1.jar:/Users/PrivateProjects/.m2/repository/io/grpc/grpc-netty/1.36.1/grpc-netty-1.36.1.jar:/Users/PrivateProjects/.m2/repository/io/grpc/grpc-core/1.36.1/grpc-core-1.36.1.jar:/Users/PrivateProjects/.m2/repository/com/google/code/gson/gson/2.8.9/gson-2.8.9.jar:/Users/PrivateProjects/.m2/repository/com/google/android/annotations/4.1.1.4/annotations-4.1.1.4.jar:/Users/PrivateProjects/.m2/repository/io/netty/netty-codec-http2/4.1.72.Final/netty-codec-http2-4.1.72.Final.jar:/Users/PrivateProjects/.m2/repository/io/netty/netty-common/4.1.72.Final/netty-common-4.1.72.Final.jar:/Users/PrivateProjects/.m2/repository/io/netty/netty-buffer/4.1.72.Final/netty-buffer-4.1.72.Final.jar:/Users/PrivateProjects/.m2/repository/io/netty/netty-transport/4.1.72.Final/netty-transport-4.1.72.Final.jar:/Users/PrivateProjects/.m2/repository/io/netty/netty-resolver/4.1.72.Final/netty-resolver-4.1.72.Final.jar:/Users/PrivateProjects/.m2/repository/io/netty/netty-codec/4.1.72.Final/netty-codec-4.1.72.Final.jar:/Users/PrivateProjects/.m2/repository/io/netty/netty-handler/4.1.72.Final/netty-handler-4.1.72.Final.jar:/Users/PrivateProjects/.m2/repository/io/netty/netty-codec-http/4.1.72.Final/netty-codec-http-4.1.72.Final.jar:/Users/PrivateProjects/.m2/repository/io/netty/netty-handler-proxy/4.1.72.Final/netty-handler-proxy-4.1.72.Final.jar:/Users/PrivateProjects/.m2/repository/io/netty/netty-codec-socks/4.1.72.Final/netty-codec-socks-4.1.72.Final.jar:/Users/PrivateProjects/.m2/repository/io/perfmark/perfmark-api/0.23.0/perfmark-api-0.23.0.jar:/Users/PrivateProjects/.m2/repository/io/netty/netty-tcnative-boringssl-static/2.0.46.Final/netty-tcnative-boringssl-static-2.0.46.Final.jar:/Users/PrivateProjects/.m2/repository/io/netty/netty-tcnative-classes/2.0.46.Final/netty-tcnative-classes-2.0.46.Final.jar:/Users/PrivateProjects/.m2/repository/org/axonframework/axon-spring/4.5.5/axon-spring-4.5.5.jar:/Users/PrivateProjects/.m2/repository/org/slf4j/slf4j-api/1.7.32/slf4j-api-1.7.32.jar:/Users/PrivateProjects/.m2/repository/org/axonframework/axon-configuration/4.5.5/axon-configuration-4.5.5.jar:/Users/PrivateProjects/.m2/repository/org/axonframework/axon-disruptor/4.5.5/axon-disruptor-4.5.5.jar:/Users/PrivateProjects/.m2/repository/com/lmax/disruptor/3.4.4/disruptor-3.4.4.jar:/Users/PrivateProjects/.m2/repository/org/axonframework/axon-eventsourcing/4.5.5/axon-eventsourcing-4.5.5.jar:/Users/PrivateProjects/.m2/repository/org/axonframework/axon-modelling/4.5.5/axon-modelling-4.5.5.jar:/Users/PrivateProjects/.m2/repository/org/axonframework/axon-messaging/4.5.5/axon-messaging-4.5.5.jar:/Users/PrivateProjects/.m2/repository/com/thoughtworks/xstream/xstream/1.4.18/xstream-1.4.18.jar:/Users/PrivateProjects/.m2/repository/io/github/x-stream/mxparser/1.2.2/mxparser-1.2.2.jar:/Users/PrivateProjects/.m2/repository/xmlpull/xmlpull/1.1.3.1/xmlpull-1.1.3.1.jar:/Users/PrivateProjects/.m2/repository/org/axonframework/extensions/reactor/axon-reactor/4.5.1/axon-reactor-4.5.1.jar:/Users/PrivateProjects/.m2/repository/io/projectreactor/reactor-core/3.4.13/reactor-core-3.4.13.jar:/Users/PrivateProjects/.m2/repository/org/reactivestreams/reactive-streams/1.0.3/reactive-streams-1.0.3.jar:/Users/PrivateProjects/.m2/repository/org/springframework/boot/spring-boot-starter-web/2.6.2/spring-boot-starter-web-2.6.2.jar:/Users/PrivateProjects/.m2/repository/org/springframework/boot/spring-boot-starter/2.6.2/spring-boot-starter-2.6.2.jar:/Users/PrivateProjects/.m2/repository/org/springframework/boot/spring-boot/2.6.2/spring-boot-2.6.2.jar:/Users/PrivateProjects/.m2/repository/org/springframework/boot/spring-boot-autoconfigure/2.6.2/spring-boot-autoconfigure-2.6.2.jar:/Users/PrivateProjects/.m2/repository/org/springframework/boot/spring-boot-starter-logging/2.6.2/spring-boot-starter-logging-2.6.2.jar:/Users/PrivateProjects/.m2/repository/ch/qos/logback/logback-classic/1.2.9/logback-classic-1.2.9.jar:/Users/PrivateProjects/.m2/repository/ch/qos/logback/logback-core/1.2.9/logback-core-1.2.9.jar:/Users/PrivateProjects/.m2/repository/org/apache/logging/log4j/log4j-to-slf4j/2.17.0/log4j-to-slf4j-2.17.0.jar:/Users/PrivateProjects/.m2/repository/org/apache/logging/log4j/log4j-api/2.17.0/log4j-api-2.17.0.jar:/Users/PrivateProjects/.m2/repository/org/slf4j/jul-to-slf4j/1.7.32/jul-to-slf4j-1.7.32.jar:/Users/PrivateProjects/.m2/repository/jakarta/annotation/jakarta.annotation-api/1.3.5/jakarta.annotation-api-1.3.5.jar:/Users/PrivateProjects/.m2/repository/org/yaml/snakeyaml/1.29/snakeyaml-1.29.jar:/Users/PrivateProjects/.m2/repository/org/springframework/boot/spring-boot-starter-json/2.6.2/spring-boot-starter-json-2.6.2.jar:/Users/PrivateProjects/.m2/repository/com/fasterxml/jackson/core/jackson-databind/2.13.1/jackson-databind-2.13.1.jar:/Users/PrivateProjects/.m2/repository/com/fasterxml/jackson/core/jackson-annotations/2.13.1/jackson-annotations-2.13.1.jar:/Users/PrivateProjects/.m2/repository/com/fasterxml/jackson/core/jackson-core/2.13.1/jackson-core-2.13.1.jar:/Users/PrivateProjects/.m2/repository/com/fasterxml/jackson/datatype/jackson-datatype-jdk8/2.13.1/jackson-datatype-jdk8-2.13.1.jar:/Users/PrivateProjects/.m2/repository/com/fasterxml/jackson/datatype/jackson-datatype-jsr310/2.13.1/jackson-datatype-jsr310-2.13.1.jar:/Users/PrivateProjects/.m2/repository/com/fasterxml/jackson/module/jackson-module-parameter-names/2.13.1/jackson-module-parameter-names-2.13.1.jar:/Users/PrivateProjects/.m2/repository/org/springframework/boot/spring-boot-starter-tomcat/2.6.2/spring-boot-starter-tomcat-2.6.2.jar:/Users/PrivateProjects/.m2/repository/org/apache/tomcat/embed/tomcat-embed-core/9.0.56/tomcat-embed-core-9.0.56.jar:/Users/PrivateProjects/.m2/repository/org/apache/tomcat/embed/tomcat-embed-el/9.0.56/tomcat-embed-el-9.0.56.jar:/Users/PrivateProjects/.m2/repository/org/apache/tomcat/embed/tomcat-embed-websocket/9.0.56/tomcat-embed-websocket-9.0.56.jar:/Users/PrivateProjects/.m2/repository/org/springframework/spring-web/5.3.14/spring-web-5.3.14.jar:/Users/PrivateProjects/.m2/repository/org/springframework/spring-beans/5.3.14/spring-beans-5.3.14.jar:/Users/PrivateProjects/.m2/repository/org/springframework/spring-webmvc/5.3.14/spring-webmvc-5.3.14.jar:/Users/PrivateProjects/.m2/repository/org/springframework/spring-aop/5.3.14/spring-aop-5.3.14.jar:/Users/PrivateProjects/.m2/repository/org/springframework/spring-context/5.3.14/spring-context-5.3.14.jar:/Users/PrivateProjects/.m2/repository/org/springframework/spring-expression/5.3.14/spring-expression-5.3.14.jar:/Users/PrivateProjects/.m2/repository/org/projectlombok/lombok/1.18.22/lombok-1.18.22.jar:/Users/PrivateProjects/.m2/repository/org/springframework/boot/spring-boot-starter-test/2.6.2/spring-boot-starter-test-2.6.2.jar:/Users/PrivateProjects/.m2/repository/org/springframework/boot/spring-boot-test/2.6.2/spring-boot-test-2.6.2.jar:/Users/PrivateProjects/.m2/repository/org/springframework/boot/spring-boot-test-autoconfigure/2.6.2/spring-boot-test-autoconfigure-2.6.2.jar:/Users/PrivateProjects/.m2/repository/com/jayway/jsonpath/json-path/2.6.0/json-path-2.6.0.jar:/Users/PrivateProjects/.m2/repository/net/minidev/json-smart/2.4.7/json-smart-2.4.7.jar:/Users/PrivateProjects/.m2/repository/net/minidev/accessors-smart/2.4.7/accessors-smart-2.4.7.jar:/Users/PrivateProjects/.m2/repository/org/ow2/asm/asm/9.1/asm-9.1.jar:/Users/PrivateProjects/.m2/repository/jakarta/xml/bind/jakarta.xml.bind-api/2.3.3/jakarta.xml.bind-api-2.3.3.jar:/Users/PrivateProjects/.m2/repository/jakarta/activation/jakarta.activation-api/1.2.2/jakarta.activation-api-1.2.2.jar:/Users/PrivateProjects/.m2/repository/org/assertj/assertj-core/3.21.0/assertj-core-3.21.0.jar:/Users/PrivateProjects/.m2/repository/org/hamcrest/hamcrest/2.2/hamcrest-2.2.jar:/Users/PrivateProjects/.m2/repository/org/junit/jupiter/junit-jupiter/5.8.2/junit-jupiter-5.8.2.jar:/Users/PrivateProjects/.m2/repository/org/junit/jupiter/junit-jupiter-api/5.8.2/junit-jupiter-api-5.8.2.jar:/Users/PrivateProjects/.m2/repository/org/opentest4j/opentest4j/1.2.0/opentest4j-1.2.0.jar:/Users/PrivateProjects/.m2/repository/org/junit/platform/junit-platform-commons/1.8.2/junit-platform-commons-1.8.2.jar:/Users/PrivateProjects/.m2/repository/org/apiguardian/apiguardian-api/1.1.2/apiguardian-api-1.1.2.jar:/Users/PrivateProjects/.m2/repository/org/junit/jupiter/junit-jupiter-params/5.8.2/junit-jupiter-params-5.8.2.jar:/Users/PrivateProjects/.m2/repository/org/junit/jupiter/junit-jupiter-engine/5.8.2/junit-jupiter-engine-5.8.2.jar:/Users/PrivateProjects/.m2/repository/org/junit/platform/junit-platform-engine/1.8.2/junit-platform-engine-1.8.2.jar:/Users/PrivateProjects/.m2/repository/org/mockito/mockito-core/4.0.0/mockito-core-4.0.0.jar:/Users/PrivateProjects/.m2/repository/net/bytebuddy/byte-buddy/1.11.22/byte-buddy-1.11.22.jar:/Users/PrivateProjects/.m2/repository/net/bytebuddy/byte-buddy-agent/1.11.22/byte-buddy-agent-1.11.22.jar:/Users/PrivateProjects/.m2/repository/org/objenesis/objenesis/3.2/objenesis-3.2.jar:/Users/PrivateProjects/.m2/repository/org/mockito/mockito-junit-jupiter/4.0.0/mockito-junit-jupiter-4.0.0.jar:/Users/PrivateProjects/.m2/repository/org/skyscreamer/jsonassert/1.5.0/jsonassert-1.5.0.jar:/Users/PrivateProjects/.m2/repository/com/vaadin/external/google/android-json/0.0.20131108.vaadin1/android-json-0.0.20131108.vaadin1.jar:/Users/PrivateProjects/.m2/repository/org/springframework/spring-core/5.3.14/spring-core-5.3.14.jar:/Users/PrivateProjects/.m2/repository/org/springframework/spring-jcl/5.3.14/spring-jcl-5.3.14.jar:/Users/PrivateProjects/.m2/repository/org/springframework/spring-test/5.3.14/spring-test-5.3.14.jar:/Users/PrivateProjects/.m2/repository/org/xmlunit/xmlunit-core/2.8.4/xmlunit-core-2.8.4.jar:/Users/PrivateProjects/.m2/repository/org/axonframework/axon-test/4.5.5/axon-test-4.5.5.jar:"/>
    <property name="java.vm.vendor" value="BellSoft"/>
    <property name="sun.arch.data.model" value="64"/>
    <property name="java.vendor.url" value="https://bell-sw.com/"/>
    <property name="user.timezone" value=""/>
    <property name="java.vm.specification.version" value="11"/>
    <property name="os.name" value="Mac OS X"/>
    <property name="sun.java.launcher" value="SUN_STANDARD"/>
    <property name="user.country" value="NL"/>
    <property name="sun.boot.library.path" value="/Users/PrivateProjects/Library/Java/JavaVirtualMachines/liberica-11.0.13/lib"/>
    <property name="sun.java.command" value="/Users/PrivateProjects/repositories/dingo/target/surefire/surefirebooter1119112180560557251.jar /Users/PrivateProjects/repositories/dingo/target/surefire 2022-01-09T12-03-31_120-jvmRun1 surefire11205484193303485997tmp surefire_010715362522649467786tmp"/>
    <property name="http.nonProxyHosts" value="local|*.local|169.254/16|*.169.254/16"/>
    <property name="jdk.debug" value="release"/>
    <property name="surefire.test.class.path" value="/Users/PrivateProjects/repositories/dingo/target/test-classes:/Users/PrivateProjects/repositories/dingo/target/classes:/Users/PrivateProjects/.m2/repository/org/axonframework/axon-spring-boot-starter/4.5.5/axon-spring-boot-starter-4.5.5.jar:/Users/PrivateProjects/.m2/repository/org/axonframework/axon-spring-boot-autoconfigure/4.5.5/axon-spring-boot-autoconfigure-4.5.5.jar:/Users/PrivateProjects/.m2/repository/org/axonframework/axon-server-connector/4.5.5/axon-server-connector-4.5.5.jar:/Users/PrivateProjects/.m2/repository/io/axoniq/axonserver-connector-java/4.5.3/axonserver-connector-java-4.5.3.jar:/Users/PrivateProjects/.m2/repository/io/grpc/grpc-protobuf/1.36.1/grpc-protobuf-1.36.1.jar:/Users/PrivateProjects/.m2/repository/io/grpc/grpc-api/1.36.1/grpc-api-1.36.1.jar:/Users/PrivateProjects/.m2/repository/io/grpc/grpc-context/1.36.1/grpc-context-1.36.1.jar:/Users/PrivateProjects/.m2/repository/com/google/code/findbugs/jsr305/3.0.2/jsr305-3.0.2.jar:/Users/PrivateProjects/.m2/repository/com/google/protobuf/protobuf-java/3.12.0/protobuf-java-3.12.0.jar:/Users/PrivateProjects/.m2/repository/com/google/api/grpc/proto-google-common-protos/2.0.1/proto-google-common-protos-2.0.1.jar:/Users/PrivateProjects/.m2/repository/io/grpc/grpc-protobuf-lite/1.36.1/grpc-protobuf-lite-1.36.1.jar:/Users/PrivateProjects/.m2/repository/com/google/guava/guava/30.0-android/guava-30.0-android.jar:/Users/PrivateProjects/.m2/repository/com/google/guava/failureaccess/1.0.1/failureaccess-1.0.1.jar:/Users/PrivateProjects/.m2/repository/com/google/guava/listenablefuture/9999.0-empty-to-avoid-conflict-with-guava/listenablefuture-9999.0-empty-to-avoid-conflict-with-guava.jar:/Users/PrivateProjects/.m2/repository/org/checkerframework/checker-compat-qual/2.5.5/checker-compat-qual-2.5.5.jar:/Users/PrivateProjects/.m2/repository/com/google/j2objc/j2objc-annotations/1.3/j2objc-annotations-1.3.jar:/Users/PrivateProjects/.m2/repository/com/google/errorprone/error_prone_annotations/2.4.0/error_prone_annotations-2.4.0.jar:/Users/PrivateProjects/.m2/repository/org/codehaus/mojo/animal-sniffer-annotations/1.19/animal-sniffer-annotations-1.19.jar:/Users/PrivateProjects/.m2/repository/io/grpc/grpc-stub/1.36.1/grpc-stub-1.36.1.jar:/Users/PrivateProjects/.m2/repository/io/grpc/grpc-netty/1.36.1/grpc-netty-1.36.1.jar:/Users/PrivateProjects/.m2/repository/io/grpc/grpc-core/1.36.1/grpc-core-1.36.1.jar:/Users/PrivateProjects/.m2/repository/com/google/code/gson/gson/2.8.9/gson-2.8.9.jar:/Users/PrivateProjects/.m2/repository/com/google/android/annotations/4.1.1.4/annotations-4.1.1.4.jar:/Users/PrivateProjects/.m2/repository/io/netty/netty-codec-http2/4.1.72.Final/netty-codec-http2-4.1.72.Final.jar:/Users/PrivateProjects/.m2/repository/io/netty/netty-common/4.1.72.Final/netty-common-4.1.72.Final.jar:/Users/PrivateProjects/.m2/repository/io/netty/netty-buffer/4.1.72.Final/netty-buffer-4.1.72.Final.jar:/Users/PrivateProjects/.m2/repository/io/netty/netty-transport/4.1.72.Final/netty-transport-4.1.72.Final.jar:/Users/PrivateProjects/.m2/repository/io/netty/netty-resolver/4.1.72.Final/netty-resolver-4.1.72.Final.jar:/Users/PrivateProjects/.m2/repository/io/netty/netty-codec/4.1.72.Final/netty-codec-4.1.72.Final.jar:/Users/PrivateProjects/.m2/repository/io/netty/netty-handler/4.1.72.Final/netty-handler-4.1.72.Final.jar:/Users/PrivateProjects/.m2/repository/io/netty/netty-codec-http/4.1.72.Final/netty-codec-http-4.1.72.Final.jar:/Users/PrivateProjects/.m2/repository/io/netty/netty-handler-proxy/4.1.72.Final/netty-handler-proxy-4.1.72.Final.jar:/Users/PrivateProjects/.m2/repository/io/netty/netty-codec-socks/4.1.72.Final/netty-codec-socks-4.1.72.Final.jar:/Users/PrivateProjects/.m2/repository/io/perfmark/perfmark-api/0.23.0/perfmark-api-0.23.0.jar:/Users/PrivateProjects/.m2/repository/io/netty/netty-tcnative-boringssl-static/2.0.46.Final/netty-tcnative-boringssl-static-2.0.46.Final.jar:/Users/PrivateProjects/.m2/repository/io/netty/netty-tcnative-classes/2.0.46.Final/netty-tcnative-classes-2.0.46.Final.jar:/Users/PrivateProjects/.m2/repository/org/axonframework/axon-spring/4.5.5/axon-spring-4.5.5.jar:/Users/PrivateProjects/.m2/repository/org/slf4j/slf4j-api/1.7.32/slf4j-api-1.7.32.jar:/Users/PrivateProjects/.m2/repository/org/axonframework/axon-configuration/4.5.5/axon-configuration-4.5.5.jar:/Users/PrivateProjects/.m2/repository/org/axonframework/axon-disruptor/4.5.5/axon-disruptor-4.5.5.jar:/Users/PrivateProjects/.m2/repository/com/lmax/disruptor/3.4.4/disruptor-3.4.4.jar:/Users/PrivateProjects/.m2/repository/org/axonframework/axon-eventsourcing/4.5.5/axon-eventsourcing-4.5.5.jar:/Users/PrivateProjects/.m2/repository/org/axonframework/axon-modelling/4.5.5/axon-modelling-4.5.5.jar:/Users/PrivateProjects/.m2/repository/org/axonframework/axon-messaging/4.5.5/axon-messaging-4.5.5.jar:/Users/PrivateProjects/.m2/repository/com/thoughtworks/xstream/xstream/1.4.18/xstream-1.4.18.jar:/Users/PrivateProjects/.m2/repository/io/github/x-stream/mxparser/1.2.2/mxparser-1.2.2.jar:/Users/PrivateProjects/.m2/repository/xmlpull/xmlpull/1.1.3.1/xmlpull-1.1.3.1.jar:/Users/PrivateProjects/.m2/repository/org/axonframework/extensions/reactor/axon-reactor/4.5.1/axon-reactor-4.5.1.jar:/Users/PrivateProjects/.m2/repository/io/projectreactor/reactor-core/3.4.13/reactor-core-3.4.13.jar:/Users/PrivateProjects/.m2/repository/org/reactivestreams/reactive-streams/1.0.3/reactive-streams-1.0.3.jar:/Users/PrivateProjects/.m2/repository/org/springframework/boot/spring-boot-starter-web/2.6.2/spring-boot-starter-web-2.6.2.jar:/Users/PrivateProjects/.m2/repository/org/springframework/boot/spring-boot-starter/2.6.2/spring-boot-starter-2.6.2.jar:/Users/PrivateProjects/.m2/repository/org/springframework/boot/spring-boot/2.6.2/spring-boot-2.6.2.jar:/Users/PrivateProjects/.m2/repository/org/springframework/boot/spring-boot-autoconfigure/2.6.2/spring-boot-autoconfigure-2.6.2.jar:/Users/PrivateProjects/.m2/repository/org/springframework/boot/spring-boot-starter-logging/2.6.2/spring-boot-starter-logging-2.6.2.jar:/Users/PrivateProjects/.m2/repository/ch/qos/logback/logback-classic/1.2.9/logback-classic-1.2.9.jar:/Users/PrivateProjects/.m2/repository/ch/qos/logback/logback-core/1.2.9/logback-core-1.2.9.jar:/Users/PrivateProjects/.m2/repository/org/apache/logging/log4j/log4j-to-slf4j/2.17.0/log4j-to-slf4j-2.17.0.jar:/Users/PrivateProjects/.m2/repository/org/apache/logging/log4j/log4j-api/2.17.0/log4j-api-2.17.0.jar:/Users/PrivateProjects/.m2/repository/org/slf4j/jul-to-slf4j/1.7.32/jul-to-slf4j-1.7.32.jar:/Users/PrivateProjects/.m2/repository/jakarta/annotation/jakarta.annotation-api/1.3.5/jakarta.annotation-api-1.3.5.jar:/Users/PrivateProjects/.m2/repository/org/yaml/snakeyaml/1.29/snakeyaml-1.29.jar:/Users/PrivateProjects/.m2/repository/org/springframework/boot/spring-boot-starter-json/2.6.2/spring-boot-starter-json-2.6.2.jar:/Users/PrivateProjects/.m2/repository/com/fasterxml/jackson/core/jackson-databind/2.13.1/jackson-databind-2.13.1.jar:/Users/PrivateProjects/.m2/repository/com/fasterxml/jackson/core/jackson-annotations/2.13.1/jackson-annotations-2.13.1.jar:/Users/PrivateProjects/.m2/repository/com/fasterxml/jackson/core/jackson-core/2.13.1/jackson-core-2.13.1.jar:/Users/PrivateProjects/.m2/repository/com/fasterxml/jackson/datatype/jackson-datatype-jdk8/2.13.1/jackson-datatype-jdk8-2.13.1.jar:/Users/PrivateProjects/.m2/repository/com/fasterxml/jackson/datatype/jackson-datatype-jsr310/2.13.1/jackson-datatype-jsr310-2.13.1.jar:/Users/PrivateProjects/.m2/repository/com/fasterxml/jackson/module/jackson-module-parameter-names/2.13.1/jackson-module-parameter-names-2.13.1.jar:/Users/PrivateProjects/.m2/repository/org/springframework/boot/spring-boot-starter-tomcat/2.6.2/spring-boot-starter-tomcat-2.6.2.jar:/Users/PrivateProjects/.m2/repository/org/apache/tomcat/embed/tomcat-embed-core/9.0.56/tomcat-embed-core-9.0.56.jar:/Users/PrivateProjects/.m2/repository/org/apache/tomcat/embed/tomcat-embed-el/9.0.56/tomcat-embed-el-9.0.56.jar:/Users/PrivateProjects/.m2/repository/org/apache/tomcat/embed/tomcat-embed-websocket/9.0.56/tomcat-embed-websocket-9.0.56.jar:/Users/PrivateProjects/.m2/repository/org/springframework/spring-web/5.3.14/spring-web-5.3.14.jar:/Users/PrivateProjects/.m2/repository/org/springframework/spring-beans/5.3.14/spring-beans-5.3.14.jar:/Users/PrivateProjects/.m2/repository/org/springframework/spring-webmvc/5.3.14/spring-webmvc-5.3.14.jar:/Users/PrivateProjects/.m2/repository/org/springframework/spring-aop/5.3.14/spring-aop-5.3.14.jar:/Users/PrivateProjects/.m2/repository/org/springframework/spring-context/5.3.14/spring-context-5.3.14.jar:/Users/PrivateProjects/.m2/repository/org/springframework/spring-expression/5.3.14/spring-expression-5.3.14.jar:/Users/PrivateProjects/.m2/repository/org/projectlombok/lombok/1.18.22/lombok-1.18.22.jar:/Users/PrivateProjects/.m2/repository/org/springframework/boot/spring-boot-starter-test/2.6.2/spring-boot-starter-test-2.6.2.jar:/Users/PrivateProjects/.m2/repository/org/springframework/boot/spring-boot-test/2.6.2/spring-boot-test-2.6.2.jar:/Users/PrivateProjects/.m2/repository/org/springframework/boot/spring-boot-test-autoconfigure/2.6.2/spring-boot-test-autoconfigure-2.6.2.jar:/Users/PrivateProjects/.m2/repository/com/jayway/jsonpath/json-path/2.6.0/json-path-2.6.0.jar:/Users/PrivateProjects/.m2/repository/net/minidev/json-smart/2.4.7/json-smart-2.4.7.jar:/Users/PrivateProjects/.m2/repository/net/minidev/accessors-smart/2.4.7/accessors-smart-2.4.7.jar:/Users/PrivateProjects/.m2/repository/org/ow2/asm/asm/9.1/asm-9.1.jar:/Users/PrivateProjects/.m2/repository/jakarta/xml/bind/jakarta.xml.bind-api/2.3.3/jakarta.xml.bind-api-2.3.3.jar:/Users/PrivateProjects/.m2/repository/jakarta/activation/jakarta.activation-api/1.2.2/jakarta.activation-api-1.2.2.jar:/Users/PrivateProjects/.m2/repository/org/assertj/assertj-core/3.21.0/assertj-core-3.21.0.jar:/Users/PrivateProjects/.m2/repository/org/hamcrest/hamcrest/2.2/hamcrest-2.2.jar:/Users/PrivateProjects/.m2/repository/org/junit/jupiter/junit-jupiter/5.8.2/junit-jupiter-5.8.2.jar:/Users/PrivateProjects/.m2/repository/org/junit/jupiter/junit-jupiter-api/5.8.2/junit-jupiter-api-5.8.2.jar:/Users/PrivateProjects/.m2/repository/org/opentest4j/opentest4j/1.2.0/opentest4j-1.2.0.jar:/Users/PrivateProjects/.m2/repository/org/junit/platform/junit-platform-commons/1.8.2/junit-platform-commons-1.8.2.jar:/Users/PrivateProjects/.m2/repository/org/apiguardian/apiguardian-api/1.1.2/apiguardian-api-1.1.2.jar:/Users/PrivateProjects/.m2/repository/org/junit/jupiter/junit-jupiter-params/5.8.2/junit-jupiter-params-5.8.2.jar:/Users/PrivateProjects/.m2/repository/org/junit/jupiter/junit-jupiter-engine/5.8.2/junit-jupiter-engine-5.8.2.jar:/Users/PrivateProjects/.m2/repository/org/junit/platform/junit-platform-engine/1.8.2/junit-platform-engine-1.8.2.jar:/Users/PrivateProjects/.m2/repository/org/mockito/mockito-core/4.0.0/mockito-core-4.0.0.jar:/Users/PrivateProjects/.m2/repository/net/bytebuddy/byte-buddy/1.11.22/byte-buddy-1.11.22.jar:/Users/PrivateProjects/.m2/repository/net/bytebuddy/byte-buddy-agent/1.11.22/byte-buddy-agent-1.11.22.jar:/Users/PrivateProjects/.m2/repository/org/objenesis/objenesis/3.2/objenesis-3.2.jar:/Users/PrivateProjects/.m2/repository/org/mockito/mockito-junit-jupiter/4.0.0/mockito-junit-jupiter-4.0.0.jar:/Users/PrivateProjects/.m2/repository/org/skyscreamer/jsonassert/1.5.0/jsonassert-1.5.0.jar:/Users/PrivateProjects/.m2/repository/com/vaadin/external/google/android-json/0.0.20131108.vaadin1/android-json-0.0.20131108.vaadin1.jar:/Users/PrivateProjects/.m2/repository/org/springframework/spring-core/5.3.14/spring-core-5.3.14.jar:/Users/PrivateProjects/.m2/repository/org/springframework/spring-jcl/5.3.14/spring-jcl-5.3.14.jar:/Users/PrivateProjects/.m2/repository/org/springframework/spring-test/5.3.14/spring-test-5.3.14.jar:/Users/PrivateProjects/.m2/repository/org/xmlunit/xmlunit-core/2.8.4/xmlunit-core-2.8.4.jar:/Users/PrivateProjects/.m2/repository/org/axonframework/axon-test/4.5.5/axon-test-4.5.5.jar:"/>
    <property name="sun.cpu.endian" value="little"/>
    <property name="user.home" value="/Users/PrivateProjects"/>
    <property name="user.language" value="en"/>
    <property name="java.specification.vendor" value="Oracle Corporation"/>
    <property name="java.version.date" value="2021-10-19"/>
    <property name="java.home" value="/Users/PrivateProjects/Library/Java/JavaVirtualMachines/liberica-11.0.13"/>
    <property name="file.separator" value="/"/>
    <property name="basedir" value="/Users/PrivateProjects/repositories/dingo"/>
    <property name="java.vm.compressedOopsMode" value="Zero based"/>
    <property name="line.separator" value="&#10;"/>
    <property name="java.specification.name" value="Java Platform API Specification"/>
    <property name="java.vm.specification.vendor" value="Oracle Corporation"/>
    <property name="java.awt.graphicsenv" value="sun.awt.CGraphicsEnvironment"/>
    <property name="surefire.real.class.path" value="/Users/PrivateProjects/repositories/dingo/target/surefire/surefirebooter1119112180560557251.jar"/>
    <property name="sun.management.compiler" value="HotSpot 64-Bit Tiered Compilers"/>
    <property name="ftp.nonProxyHosts" value="local|*.local|169.254/16|*.169.254/16"/>
    <property name="java.runtime.version" value="11.0.13+8-LTS"/>
    <property name="user.name" value="PrivateProjects"/>
    <property name="path.separator" value=":"/>
    <property name="os.version" value="12.1"/>
    <property name="java.runtime.name" value="OpenJDK Runtime Environment"/>
    <property name="file.encoding" value="US-ASCII"/>
    <property name="java.vm.name" value="OpenJDK 64-Bit Server VM"/>
    <property name="localRepository" value="/Users/PrivateProjects/.m2/repository"/>
    <property name="java.vendor.url.bug" value="https://bell-sw.com/support"/>
    <property name="java.io.tmpdir" value="/var/folders/xd/936l0ylj0r102gjtvlx0zy8w0000gs/T/"/>
    <property name="idea.version" value="2021.3"/>
    <property name="java.version" value="11.0.13"/>
    <property name="user.dir" value="/Users/PrivateProjects/repositories/dingo"/>
    <property name="os.arch" value="aarch64"/>
    <property name="java.vm.specification.name" value="Java Virtual Machine Specification"/>
    <property name="java.awt.printerjob" value="sun.lwawt.macosx.CPrinterJob"/>
    <property name="sun.os.patch.level" value="unknown"/>
    <property name="java.library.path" value="/Users/PrivateProjects/Library/Java/Extensions:/Library/Java/Extensions:/Network/Library/Java/Extensions:/System/Library/Java/Extensions:/usr/lib/java:."/>
    <property name="java.vm.info" value="mixed mode"/>
    <property name="java.vendor" value="BellSoft"/>
    <property name="java.vm.version" value="11.0.13+8-LTS"/>
    <property name="sun.io.unicode.encoding" value="UnicodeBig"/>
    <property name="java.class.version" value="55.0"/>
    <property name="socksNonProxyHosts" value="local|*.local|169.254/16|*.169.254/16"/>
  </properties>
  <testcase name="contextLoads" classname="com.example.dingo.DingoApplicationTests" time="0.229"/>
</testsuite>